<?xml version="1.0" encoding="UTF-8"?>
<!-- Generated by org.testng.reporters.JUnitReportReporter -->
<testsuite hostname="DESKTOP-QJ1CMMO" failures="0" tests="2" name="Task.Automation.Registeration" time="46.062" errors="0" timestamp="2023-07-15T22:34:07 EET" skipped="0">
  <testcase classname="Task.Automation.Registeration" name="RegisterationNewUser" time="25.031"/>
  <testcase classname="Task.Automation.Registeration" name="RegisterationNewUser" time="21.031"/>
</testsuite> <!-- Task.Automation.Registeration -->
