<?xml version="1.0" encoding="UTF-8"?>
<!-- Generated by org.testng.reporters.JUnitReportReporter -->
<testsuite hostname="DESKTOP-QJ1CMMO" failures="0" tests="1" name="Task.Automation.NewTest" time="37.931" errors="0" timestamp="2023-07-15T04:57:14 EET" skipped="0">
  <testcase classname="Task.Automation.NewTest" name="f" time="37.931"/>
</testsuite> <!-- Task.Automation.NewTest -->
